

> web@0.1.0 build
> next build

[1G[0K[33m[1m⚠[22m[39m Warning: Next.js inferred your workspace root, but it may not be correct.
 We detected multiple lockfiles and selected the directory of /Users/deeptanubhunia/package-lock.json as the root directory.
 To silence this warning, set `turbopack.root` in your Next.js config, or consider removing one of the lockfiles if it's not needed.
   See https://nextjs.org/docs/app/api-reference/config/next-config-js/turbopack#root-directory for more information.
 Detected additional lockfiles: 
   * /Users/deeptanubhunia/Desktop/TheVelvetTray---AntiGravity--1/package-lock.json

[1m[38;2;173;127;168m▲ Next.js 16.2.4[39m[22m (Turbopack)
- Environments: .env

[37m[1m [22m[39m Creating an optimized production build ...
[32m[1m✓[22m[39m Compiled successfully in 2.0s
[?25l[37m[1m [22m[39m Running TypeScript  [36m.[39m[2K[1G[37m[1m [22m[39m Running TypeScript  [36m..[39m[2K[1G[37m[1m [22m[39m Running TypeScript  [36m...[39m[2K[1G[37m[1m [22m[39m Running TypeScript  [36m.[39m[2K[1G[37m[1m [22m[39m Running TypeScript  [36m..[39m[2K[1G[37m[1m [22m[39m Running TypeScript  [36m...[39m[2K[1G[37m[1m [22m[39m Running TypeScript  [36m.[39m[2K[1G[37m[1m [22m[39m Running TypeScript  [36m..[39m[2K[1G[37m[1m [22m[39m Running TypeScript  [36m...[39m[2K[1G[?25h[?25l[37m[1m [22m[39m Finished TypeScript in 1792ms  [36m.[39m[2K[1G[?25h[37m[1m [22m[39m Finished TypeScript in 1792ms    [32m[1m✓[22m[39m Finished TypeScript in 1792ms 
[?25l[37m[1m [22m[39m Collecting page data using 7 workers  [36m.[39m[2K[1G[37m[1m [22m[39m Collecting page data using 7 workers  [36m..[39m[2K[1G[37m[1m [22m[39m Collecting page data using 7 workers  [36m...[39m[2K[1G[37m[1m [22m[39m Collecting page data using 7 workers  [36m.[39m[2K[1G[37m[1m [22m[39m Collecting page data using 7 workers  [36m..[39m[2K[1G[?25h[37m[1m [22m[39m Collecting page data using 7 workers in 903ms    [32m[1m✓[22m[39m Collecting page data using 7 workers in 903ms 
[?25l[37m[1m [22m[39m Generating static pages using 7 workers (0/13)  [36m[    ][39m[2K[1G[37m[1m [22m[39m Generating static pages using 7 workers (7/13)  [36m[=   ][39m[2K[1G[37m[1m [22m[39m Generating static pages using 7 workers (7/13)  [36m[==  ][39m[2K[1G[37m[1m [22m[39m Generating static pages using 7 workers (7/13)  [36m[=== ][39m[2K[1G[?25h[32m[1m✓[22m[39m Generating static pages using 7 workers (13/13) in 691ms
[?25l[37m[1m [22m[39m Finalizing page optimization  [36m.[39m[2K[1G[?25h[37m[1m [22m[39m Finalizing page optimization in 10ms    [32m[1m✓[22m[39m Finalizing page optimization in 10ms 

[4mRoute (app)[24m
┌ ○ /
├ ○ /_not-found
├ ƒ /admin
├ ○ /admin/inventory
├ ƒ /api/auth/[...nextauth]
├ ○ /cart
├ ○ /checkout
├ ○ /collections
├ ƒ /collections/[id]
├ ○ /contact
├ ○ /corporate
├ ○ /login
├ ƒ /products/[id]
└ ○ /studio


○  (Static)   prerendered as static content
ƒ  (Dynamic)  server-rendered on demand

[?25h[1G[0K⠙[1G[0K
